TN:
SF:src/components/Header.tsx
FN:6,(anonymous_1)
FNF:1
FNH:1
FNDA:1,(anonymous_1)
DA:2,1
DA:3,1
DA:4,1
DA:6,1
DA:7,1
DA:35,1
LF:6
LH:6
BRF:0
BRH:0
end_of_record
TN:
SF:src/components/MessageModal.tsx
FN:19,(anonymous_1)
FN:23,(anonymous_2)
FN:28,(anonymous_3)
FN:29,(anonymous_4)
FN:30,(anonymous_5)
FN:31,(anonymous_6)
FN:38,(anonymous_7)
FN:44,(anonymous_8)
FNF:8
FNH:8
FNDA:4,(anonymous_1)
FNDA:4,(anonymous_2)
FNDA:3,(anonymous_3)
FNDA:3,(anonymous_4)
FNDA:3,(anonymous_5)
FNDA:3,(anonymous_6)
FNDA:3,(anonymous_7)
FNDA:1,(anonymous_8)
DA:2,1
DA:3,1
DA:11,1
DA:12,1
DA:13,1
DA:14,1
DA:15,1
DA:17,1
DA:19,1
DA:20,4
DA:23,1
DA:24,4
DA:27,1
DA:28,3
DA:29,3
DA:30,3
DA:31,3
DA:38,1
DA:39,3
DA:41,3
DA:42,3
DA:44,3
DA:48,1
DA:49,0
DA:51,1
DA:54,3
DA:89,1
LF:27
LH:26
BRDA:48,0,0,0
BRDA:82,1,0,3
BRDA:82,1,1,0
BRF:3
BRH:1
end_of_record
TN:
SF:src/components/ModalSearchResults.tsx
FN:32,(anonymous_1)
FN:33,(anonymous_2)
FN:34,(anonymous_3)
FN:40,(anonymous_4)
FN:57,(anonymous_5)
FN:136,(anonymous_6)
FN:271,(anonymous_7)
FN:275,(anonymous_8)
FNF:8
FNH:5
FNDA:4,(anonymous_1)
FNDA:4,(anonymous_2)
FNDA:2,(anonymous_3)
FNDA:5,(anonymous_4)
FNDA:4,(anonymous_5)
FNDA:0,(anonymous_6)
FNDA:0,(anonymous_7)
FNDA:0,(anonymous_8)
DA:1,2
DA:2,2
DA:19,2
DA:20,2
DA:21,2
DA:22,2
DA:23,2
DA:24,2
DA:25,2
DA:28,2
DA:31,2
DA:32,4
DA:33,4
DA:34,2
DA:40,2
DA:47,5
DA:52,5
DA:54,5
DA:55,5
DA:57,5
DA:58,4
DA:59,0
DA:60,0
DA:64,5
DA:137,0
DA:272,0
DA:310,2
LF:27
LH:23
BRDA:58,0,0,0
BRDA:58,1,0,4
BRDA:58,1,1,0
BRDA:108,2,0,5
BRDA:108,2,1,0
BRDA:113,3,0,5
BRDA:113,3,1,5
BRDA:113,3,2,0
BRDA:113,3,3,0
BRDA:119,4,0,0
BRDA:119,4,1,0
BRDA:125,5,0,0
BRDA:125,5,1,0
BRDA:146,6,0,0
BRDA:146,6,1,0
BRDA:146,7,0,0
BRDA:146,7,1,0
BRDA:156,8,0,0
BRDA:156,8,1,0
BRDA:156,9,0,0
BRDA:156,9,1,0
BRDA:165,10,0,0
BRDA:165,10,1,0
BRDA:165,11,0,0
BRDA:165,11,1,0
BRDA:187,12,0,0
BRDA:187,12,1,0
BRDA:187,13,0,0
BRDA:187,13,1,0
BRDA:194,14,0,0
BRDA:194,14,1,0
BRDA:194,15,0,0
BRDA:194,15,1,0
BRDA:201,16,0,0
BRDA:201,16,1,0
BRDA:201,17,0,0
BRDA:201,17,1,0
BRDA:208,18,0,0
BRDA:208,18,1,0
BRDA:208,19,0,0
BRDA:208,19,1,0
BRDA:216,20,0,0
BRDA:216,20,1,0
BRDA:216,21,0,0
BRDA:216,21,1,0
BRDA:223,22,0,0
BRDA:223,22,1,0
BRDA:223,23,0,0
BRDA:223,23,1,0
BRDA:270,24,0,0
BRDA:270,24,1,0
BRF:51
BRH:4
end_of_record
TN:
SF:src/components/SearchReservations.tsx
FN:11,(anonymous_1)
FN:18,(anonymous_2)
FN:43,(anonymous_3)
FN:66,(anonymous_4)
FN:87,(anonymous_5)
FNF:5
FNH:4
FNDA:5,(anonymous_1)
FNDA:1,(anonymous_2)
FNDA:2,(anonymous_3)
FNDA:2,(anonymous_4)
FNDA:0,(anonymous_5)
DA:1,1
DA:2,1
DA:3,1
DA:4,1
DA:5,1
DA:6,1
DA:8,1
DA:9,1
DA:11,1
DA:12,5
DA:14,5
DA:15,5
DA:16,5
DA:18,5
DA:19,1
DA:20,1
DA:21,0
DA:22,0
DA:25,5
DA:43,2
DA:67,2
DA:87,0
DA:92,1
LF:23
LH:20
BRDA:43,0,0,2
BRDA:43,0,1,2
BRF:2
BRH:2
end_of_record
TN:
SF:src/components/routes/MainRoutes.tsx
FN:9,(anonymous_1)
FN:17,(anonymous_2)
FNF:2
FNH:0
FNDA:0,(anonymous_1)
FNDA:0,(anonymous_2)
DA:1,0
DA:2,0
DA:3,0
DA:5,0
DA:6,0
DA:7,0
DA:9,0
DA:10,0
DA:11,0
DA:13,0
DA:18,0
DA:25,0
LF:12
LH:0
BRF:0
BRH:0
end_of_record
TN:
SF:src/components/routes/RoutesComponent.tsx
FN:5,(anonymous_7)
FN:5,(anonymous_8)
FN:6,(anonymous_9)
FNF:3
FNH:0
FNDA:0,(anonymous_7)
FNDA:0,(anonymous_8)
FNDA:0,(anonymous_9)
DA:1,0
DA:2,0
DA:3,0
DA:5,0
DA:6,0
DA:7,0
DA:16,0
LF:7
LH:0
BRF:0
BRH:0
end_of_record
TN:
SF:src/components/routes/generalRoutes.tsx
FN:5,(anonymous_7)
FN:5,(anonymous_8)
FNF:2
FNH:0
FNDA:0,(anonymous_7)
FNDA:0,(anonymous_8)
DA:1,0
DA:3,0
DA:5,0
DA:7,0
DA:15,0
LF:5
LH:0
BRF:0
BRH:0
end_of_record
