TN:
SF:src/components/ModalSearchResults.tsx
FN:32,(anonymous_1)
FN:33,(anonymous_2)
FN:34,(anonymous_3)
FN:40,(anonymous_4)
FN:57,(anonymous_5)
FN:136,(anonymous_6)
FN:271,(anonymous_7)
FN:275,(anonymous_8)
FNF:8
FNH:7
FNDA:6,(anonymous_1)
FNDA:6,(anonymous_2)
FNDA:4,(anonymous_3)
FNDA:9,(anonymous_4)
FNDA:6,(anonymous_5)
FNDA:8,(anonymous_6)
FNDA:12,(anonymous_7)
FNDA:0,(anonymous_8)
DA:1,2
DA:2,2
DA:19,2
DA:20,2
DA:21,2
DA:22,2
DA:23,2
DA:24,2
DA:25,2
DA:28,2
DA:31,2
DA:32,6
DA:33,6
DA:34,4
DA:40,2
DA:47,9
DA:52,9
DA:54,9
DA:55,9
DA:57,9
DA:58,6
DA:59,2
DA:60,2
DA:64,9
DA:137,8
DA:272,12
DA:310,2
LF:27
LH:27
BRDA:58,0,0,2
BRDA:58,1,0,6
BRDA:58,1,1,3
BRDA:108,2,0,9
BRDA:108,2,1,1
BRDA:113,3,0,9
BRDA:113,3,1,8
BRDA:113,3,2,4
BRDA:113,3,3,4
BRDA:119,4,0,4
BRDA:119,4,1,2
BRDA:125,5,0,4
BRDA:125,5,1,2
BRDA:146,6,0,0
BRDA:146,6,1,4
BRDA:146,7,0,4
BRDA:146,7,1,4
BRDA:156,8,0,0
BRDA:156,8,1,4
BRDA:156,9,0,4
BRDA:156,9,1,4
BRDA:165,10,0,0
BRDA:165,10,1,4
BRDA:165,11,0,4
BRDA:165,11,1,4
BRDA:187,12,0,0
BRDA:187,12,1,4
BRDA:187,13,0,4
BRDA:187,13,1,4
BRDA:194,14,0,0
BRDA:194,14,1,4
BRDA:194,15,0,4
BRDA:194,15,1,4
BRDA:201,16,0,0
BRDA:201,16,1,4
BRDA:201,17,0,4
BRDA:201,17,1,4
BRDA:208,18,0,0
BRDA:208,18,1,4
BRDA:208,19,0,4
BRDA:208,19,1,4
BRDA:216,20,0,0
BRDA:216,20,1,4
BRDA:216,21,0,4
BRDA:216,21,1,4
BRDA:223,22,0,0
BRDA:223,22,1,4
BRDA:223,23,0,4
BRDA:223,23,1,4
BRDA:270,24,0,4
BRDA:270,24,1,4
BRF:51
BRH:42
end_of_record
TN:
SF:src/components/SearchReservations.tsx
FN:11,(anonymous_1)
FN:19,(anonymous_2)
FN:43,(anonymous_3)
FN:66,(anonymous_4)
FN:87,(anonymous_5)
FNF:5
FNH:4
FNDA:6,(anonymous_1)
FNDA:1,(anonymous_2)
FNDA:2,(anonymous_3)
FNDA:2,(anonymous_4)
FNDA:0,(anonymous_5)
DA:1,1
DA:2,1
DA:3,1
DA:4,1
DA:5,1
DA:6,1
DA:8,1
DA:9,1
DA:11,1
DA:12,6
DA:13,6
DA:15,6
DA:16,6
DA:17,6
DA:19,6
DA:20,1
DA:21,1
DA:22,1
DA:25,6
DA:43,2
DA:67,2
DA:87,0
DA:92,1
LF:23
LH:22
BRDA:43,0,0,2
BRDA:43,0,1,2
BRF:2
BRH:2
end_of_record
TN:
SF:src/server/genericAPIObservable.ts
FN:11,(anonymous_1)
FN:24,(anonymous_2)
FN:25,(anonymous_3)
FN:31,(anonymous_4)
FN:35,(anonymous_5)
FN:39,(anonymous_6)
FN:51,(anonymous_7)
FN:55,(anonymous_8)
FN:63,(anonymous_9)
FNF:9
FNH:2
FNDA:1,(anonymous_1)
FNDA:0,(anonymous_2)
FNDA:0,(anonymous_3)
FNDA:0,(anonymous_4)
FNDA:0,(anonymous_5)
FNDA:1,(anonymous_6)
FNDA:0,(anonymous_7)
FNDA:0,(anonymous_8)
FNDA:0,(anonymous_9)
DA:1,1
DA:3,1
DA:5,1
DA:6,1
DA:9,1
DA:11,1
DA:18,1
DA:21,1
DA:24,0
DA:26,0
DA:31,1
DA:32,0
DA:35,1
DA:36,0
DA:39,1
DA:46,1
DA:47,1
DA:50,1
DA:52,0
DA:53,0
DA:56,0
DA:57,0
DA:60,1
DA:63,1
LF:24
LH:16
BRF:0
BRH:0
end_of_record
